2024.08.07 19:26:59 INFO  Started: Metals version 1.3.5 in folders 'C:\Users\PC\Desktop\PlayFramework_Vauldex' for client Visual Studio Code 1.92.0.
SLF4J(W): Class path contains multiple SLF4J providers.
SLF4J(W): Found provider [scribe.slf4j.ScribeServiceProvider@706fb384]
SLF4J(W): Found provider [ch.qos.logback.classic.spi.LogbackServiceProvider@55af9b96]
SLF4J(W): See https://www.slf4j.org/codes.html#multiple_bindings for an explanation.
SLF4J(I): Actual provider is of type [scribe.slf4j.ScribeServiceProvider@706fb384]
2024.08.07 19:26:59 WARN  Flyway upgrade recommended: H2 2.3.230 is newer than this version of Flyway and support has not been tested. The latest supported version of H2 is 2.2.220.
2024.08.07 19:27:01 INFO  no build target found for C:\Users\PC\Desktop\PlayFramework_Vauldex\stsagarino\app\controllers\HomeController.scala. Using presentation compiler with project's scala-library version: 3.3.3
2024.08.07 23:06:47 INFO  no build target found for C:\Users\PC\Desktop\PlayFramework_Vauldex\stsagarino\build.sbt. Using presentation compiler with project's scala-library version: 3.3.3
2024.08.07 23:06:58 INFO  no build target found for C:\Users\PC\Desktop\PlayFramework_Vauldex\stsagarino\build.sbt. Using presentation compiler with project's scala-library version: 3.3.3
2024.08.07 23:07:14 INFO  no build target found for C:\Users\PC\Desktop\PlayFramework_Vauldex\stsagarino\build.sbt. Using presentation compiler with project's scala-library version: 3.3.3
2024.08.07 23:07:14 INFO  no build target found for C:\Users\PC\Desktop\PlayFramework_Vauldex\stsagarino\build.sbt. Using presentation compiler with project's scala-library version: 3.3.3
2024.08.07 23:07:14 INFO  no build target found for C:\Users\PC\Desktop\PlayFramework_Vauldex\stsagarino\build.sbt. Using presentation compiler with project's scala-library version: 3.3.3
2024.08.07 23:07:15 INFO  no build target found for C:\Users\PC\Desktop\PlayFramework_Vauldex\stsagarino\build.sbt. Using presentation compiler with project's scala-library version: 3.3.3
2024.08.07 23:07:16 INFO  no build target found for C:\Users\PC\Desktop\PlayFramework_Vauldex\stsagarino\build.sbt. Using presentation compiler with project's scala-library version: 3.3.3
2024.08.07 23:07:16 INFO  no build target found for C:\Users\PC\Desktop\PlayFramework_Vauldex\stsagarino\build.sbt. Using presentation compiler with project's scala-library version: 3.3.3
2024.08.07 23:07:17 INFO  no build target found for C:\Users\PC\Desktop\PlayFramework_Vauldex\stsagarino\build.sbt. Using presentation compiler with project's scala-library version: 3.3.3
2024.08.07 23:07:17 INFO  no build target found for C:\Users\PC\Desktop\PlayFramework_Vauldex\stsagarino\build.sbt. Using presentation compiler with project's scala-library version: 3.3.3
2024.08.07 23:07:17 INFO  no build target found for C:\Users\PC\Desktop\PlayFramework_Vauldex\stsagarino\build.sbt. Using presentation compiler with project's scala-library version: 3.3.3
2024.08.07 23:07:18 INFO  no build target found for C:\Users\PC\Desktop\PlayFramework_Vauldex\stsagarino\build.sbt. Using presentation compiler with project's scala-library version: 3.3.3
2024.08.07 23:07:18 INFO  no build target found for C:\Users\PC\Desktop\PlayFramework_Vauldex\stsagarino\build.sbt. Using presentation compiler with project's scala-library version: 3.3.3
2024.08.07 23:07:18 INFO  no build target found for C:\Users\PC\Desktop\PlayFramework_Vauldex\stsagarino\build.sbt. Using presentation compiler with project's scala-library version: 3.3.3
2024.08.07 23:07:19 INFO  no build target found for C:\Users\PC\Desktop\PlayFramework_Vauldex\stsagarino\build.sbt. Using presentation compiler with project's scala-library version: 3.3.3
2024.08.07 23:07:18 INFO  no build target found for C:\Users\PC\Desktop\PlayFramework_Vauldex\stsagarino\build.sbt. Using presentation compiler with project's scala-library version: 3.3.3
2024.08.07 23:07:20 INFO  no build target found for C:\Users\PC\Desktop\PlayFramework_Vauldex\stsagarino\build.sbt. Using presentation compiler with project's scala-library version: 3.3.3
2024.08.07 23:07:20 INFO  no build target found for C:\Users\PC\Desktop\PlayFramework_Vauldex\stsagarino\build.sbt. Using presentation compiler with project's scala-library version: 3.3.3
2024.08.07 23:07:20 INFO  no build target found for C:\Users\PC\Desktop\PlayFramework_Vauldex\stsagarino\build.sbt. Using presentation compiler with project's scala-library version: 3.3.3
2024.08.07 23:07:20 INFO  no build target found for C:\Users\PC\Desktop\PlayFramework_Vauldex\stsagarino\build.sbt. Using presentation compiler with project's scala-library version: 3.3.3
2024.08.07 23:07:24 INFO  no build target found for C:\Users\PC\Desktop\PlayFramework_Vauldex\stsagarino\build.sbt. Using presentation compiler with project's scala-library version: 3.3.3
2024.08.07 23:07:28 INFO  no build target found for C:\Users\PC\Desktop\PlayFramework_Vauldex\stsagarino\build.sbt. Using presentation compiler with project's scala-library version: 3.3.3
2024.08.07 23:07:55 INFO  no build target found for C:\Users\PC\Desktop\PlayFramework_Vauldex\stsagarino\test\controllers\HomeControllerSpec.scala. Using presentation compiler with project's scala-library version: 3.3.3
2024.08.07 23:07:56 INFO  no build target found for C:\Users\PC\Desktop\PlayFramework_Vauldex\stsagarino\test\controllers\HomeControllerSpec.scala. Using presentation compiler with project's scala-library version: 3.3.3
2024.08.07 23:07:56 INFO  no build target found for C:\Users\PC\Desktop\PlayFramework_Vauldex\stsagarino\test\controllers\HomeControllerSpec.scala. Using presentation compiler with project's scala-library version: 3.3.3
2024.08.07 23:08:11 INFO  no build target found for C:\Users\PC\Desktop\PlayFramework_Vauldex\stsagarino\test\controllers\HomeControllerSpec.scala. Using presentation compiler with project's scala-library version: 3.3.3
2024.08.07 23:08:11 INFO  no build target found for C:\Users\PC\Desktop\PlayFramework_Vauldex\stsagarino\test\controllers\HomeControllerSpec.scala. Using presentation compiler with project's scala-library version: 3.3.3
2024.08.07 23:08:12 INFO  no build target found for C:\Users\PC\Desktop\PlayFramework_Vauldex\stsagarino\test\controllers\HomeControllerSpec.scala. Using presentation compiler with project's scala-library version: 3.3.3
2024.08.07 23:08:12 INFO  no build target found for C:\Users\PC\Desktop\PlayFramework_Vauldex\stsagarino\test\controllers\HomeControllerSpec.scala. Using presentation compiler with project's scala-library version: 3.3.3
2024.08.07 23:08:15 INFO  no build target found for C:\Users\PC\Desktop\PlayFramework_Vauldex\stsagarino\test\controllers\HomeControllerSpec.scala. Using presentation compiler with project's scala-library version: 3.3.3
2024.08.07 23:08:15 INFO  no build target found for C:\Users\PC\Desktop\PlayFramework_Vauldex\stsagarino\test\controllers\HomeControllerSpec.scala. Using presentation compiler with project's scala-library version: 3.3.3
2024.08.07 23:08:18 INFO  no build target found for C:\Users\PC\Desktop\PlayFramework_Vauldex\stsagarino\test\controllers\HomeControllerSpec.scala. Using presentation compiler with project's scala-library version: 3.3.3
2024.08.07 23:08:18 INFO  no build target found for C:\Users\PC\Desktop\PlayFramework_Vauldex\stsagarino\test\controllers\HomeControllerSpec.scala. Using presentation compiler with project's scala-library version: 3.3.3
2024.08.07 23:08:18 INFO  no build target found for C:\Users\PC\Desktop\PlayFramework_Vauldex\stsagarino\test\controllers\HomeControllerSpec.scala. Using presentation compiler with project's scala-library version: 3.3.3
2024.08.07 23:08:19 INFO  no build target found for C:\Users\PC\Desktop\PlayFramework_Vauldex\stsagarino\test\controllers\HomeControllerSpec.scala. Using presentation compiler with project's scala-library version: 3.3.3
2024.08.07 23:08:19 INFO  no build target found for C:\Users\PC\Desktop\PlayFramework_Vauldex\stsagarino\test\controllers\HomeControllerSpec.scala. Using presentation compiler with project's scala-library version: 3.3.3
2024.08.07 23:08:21 INFO  no build target found for C:\Users\PC\Desktop\PlayFramework_Vauldex\stsagarino\test\controllers\HomeControllerSpec.scala. Using presentation compiler with project's scala-library version: 3.3.3
2024.08.07 23:08:21 INFO  no build target found for C:\Users\PC\Desktop\PlayFramework_Vauldex\stsagarino\test\controllers\HomeControllerSpec.scala. Using presentation compiler with project's scala-library version: 3.3.3
2024.08.07 23:08:21 INFO  no build target found for C:\Users\PC\Desktop\PlayFramework_Vauldex\stsagarino\test\controllers\HomeControllerSpec.scala. Using presentation compiler with project's scala-library version: 3.3.3
2024.08.07 23:08:21 INFO  no build target found for C:\Users\PC\Desktop\PlayFramework_Vauldex\stsagarino\test\controllers\HomeControllerSpec.scala. Using presentation compiler with project's scala-library version: 3.3.3
2024.08.07 23:08:22 INFO  no build target found for C:\Users\PC\Desktop\PlayFramework_Vauldex\stsagarino\test\controllers\HomeControllerSpec.scala. Using presentation compiler with project's scala-library version: 3.3.3
2024.08.07 23:08:21 INFO  no build target found for C:\Users\PC\Desktop\PlayFramework_Vauldex\stsagarino\test\controllers\HomeControllerSpec.scala. Using presentation compiler with project's scala-library version: 3.3.3
2024.08.07 23:08:23 INFO  no build target found for C:\Users\PC\Desktop\PlayFramework_Vauldex\stsagarino\test\controllers\HomeControllerSpec.scala. Using presentation compiler with project's scala-library version: 3.3.3
2024.08.07 23:08:23 INFO  no build target found for C:\Users\PC\Desktop\PlayFramework_Vauldex\stsagarino\test\controllers\HomeControllerSpec.scala. Using presentation compiler with project's scala-library version: 3.3.3
2024.08.07 23:08:23 INFO  no build target found for C:\Users\PC\Desktop\PlayFramework_Vauldex\stsagarino\test\controllers\HomeControllerSpec.scala. Using presentation compiler with project's scala-library version: 3.3.3
2024.08.07 23:08:23 INFO  no build target found for C:\Users\PC\Desktop\PlayFramework_Vauldex\stsagarino\test\controllers\HomeControllerSpec.scala. Using presentation compiler with project's scala-library version: 3.3.3
2024.08.07 23:08:24 INFO  no build target found for C:\Users\PC\Desktop\PlayFramework_Vauldex\stsagarino\test\controllers\HomeControllerSpec.scala. Using presentation compiler with project's scala-library version: 3.3.3
2024.08.07 23:08:24 INFO  no build target found for C:\Users\PC\Desktop\PlayFramework_Vauldex\stsagarino\test\controllers\HomeControllerSpec.scala. Using presentation compiler with project's scala-library version: 3.3.3
2024.08.07 23:08:24 INFO  no build target found for C:\Users\PC\Desktop\PlayFramework_Vauldex\stsagarino\test\controllers\HomeControllerSpec.scala. Using presentation compiler with project's scala-library version: 3.3.3
2024.08.07 23:08:24 INFO  no build target found for C:\Users\PC\Desktop\PlayFramework_Vauldex\stsagarino\test\controllers\HomeControllerSpec.scala. Using presentation compiler with project's scala-library version: 3.3.3
2024.08.07 23:08:24 INFO  no build target found for C:\Users\PC\Desktop\PlayFramework_Vauldex\stsagarino\test\controllers\HomeControllerSpec.scala. Using presentation compiler with project's scala-library version: 3.3.3
2024.08.07 23:08:24 INFO  no build target found for C:\Users\PC\Desktop\PlayFramework_Vauldex\stsagarino\test\controllers\HomeControllerSpec.scala. Using presentation compiler with project's scala-library version: 3.3.3
2024.08.07 23:08:25 INFO  no build target found for C:\Users\PC\Desktop\PlayFramework_Vauldex\stsagarino\test\controllers\HomeControllerSpec.scala. Using presentation compiler with project's scala-library version: 3.3.3
2024.08.07 23:08:25 INFO  no build target found for C:\Users\PC\Desktop\PlayFramework_Vauldex\stsagarino\test\controllers\HomeControllerSpec.scala. Using presentation compiler with project's scala-library version: 3.3.3
2024.08.07 23:08:26 INFO  no build target found for C:\Users\PC\Desktop\PlayFramework_Vauldex\stsagarino\test\controllers\HomeControllerSpec.scala. Using presentation compiler with project's scala-library version: 3.3.3
2024.08.07 23:08:27 INFO  no build target found for C:\Users\PC\Desktop\PlayFramework_Vauldex\stsagarino\test\controllers\HomeControllerSpec.scala. Using presentation compiler with project's scala-library version: 3.3.3
2024.08.07 23:11:24 INFO  no build target found for C:\Users\PC\Desktop\PlayFramework_Vauldex\stsagarino\test\controllers\HomeControllerSpec.scala. Using presentation compiler with project's scala-library version: 3.3.3
2024.08.07 23:12:08 INFO  no build target found for C:\Users\PC\Desktop\PlayFramework_Vauldex\stsagarino\test\controllers\HomeControllerSpec.scala. Using presentation compiler with project's scala-library version: 3.3.3
2024.08.07 23:12:43 INFO  no build target found for C:\Users\PC\Desktop\PlayFramework_Vauldex\stsagarino\app\controllers\BookController.scala. Using presentation compiler with project's scala-library version: 3.3.3
2024.08.07 23:12:43 WARN  Could not find semantic tokens for: file:///C:/Users/PC/Desktop/PlayFramework_Vauldex/stsagarino/app/controllers/BookController.scala
2024.08.07 23:12:43 INFO  no build target found for C:\Users\PC\Desktop\PlayFramework_Vauldex\stsagarino\app\controllers\BookController.scala. Using presentation compiler with project's scala-library version: 3.3.3
2024.08.07 23:12:44 INFO  no build target found for C:\Users\PC\Desktop\PlayFramework_Vauldex\stsagarino\app\controllers\BookController.scala. Using presentation compiler with project's scala-library version: 3.3.3
2024.08.07 23:12:48 INFO  no build target found for C:\Users\PC\Desktop\PlayFramework_Vauldex\stsagarino\app\controllers\BookController.scala. Using presentation compiler with project's scala-library version: 3.3.3
2024.08.07 23:12:48 INFO  no build target found for C:\Users\PC\Desktop\PlayFramework_Vauldex\stsagarino\app\controllers\BookController.scala. Using presentation compiler with project's scala-library version: 3.3.3
2024.08.07 23:12:51 INFO  no build target found for C:\Users\PC\Desktop\PlayFramework_Vauldex\stsagarino\app\controllers\BookController.scala. Using presentation compiler with project's scala-library version: 3.3.3
2024.08.07 23:12:51 INFO  no build target found for C:\Users\PC\Desktop\PlayFramework_Vauldex\stsagarino\app\controllers\BookController.scala. Using presentation compiler with project's scala-library version: 3.3.3
2024.08.07 23:13:02 INFO  no build target found for C:\Users\PC\Desktop\PlayFramework_Vauldex\stsagarino\app\controllers\BookController.scala. Using presentation compiler with project's scala-library version: 3.3.3
2024.08.07 23:13:10 INFO  no build target found for C:\Users\PC\Desktop\PlayFramework_Vauldex\stsagarino\app\controllers\MusicController.scala. Using presentation compiler with project's scala-library version: 3.3.3
2024.08.07 23:13:10 WARN  Could not find semantic tokens for: file:///C:/Users/PC/Desktop/PlayFramework_Vauldex/stsagarino/app/controllers/MusicController.scala
2024.08.07 23:13:15 INFO  no build target found for C:\Users\PC\Desktop\PlayFramework_Vauldex\stsagarino\app\controllers\MusicController.scala. Using presentation compiler with project's scala-library version: 3.3.3
2024.08.07 23:13:15 INFO  no build target found for C:\Users\PC\Desktop\PlayFramework_Vauldex\stsagarino\app\controllers\MusicController.scala. Using presentation compiler with project's scala-library version: 3.3.3
2024.08.07 23:13:15 INFO  no build target found for C:\Users\PC\Desktop\PlayFramework_Vauldex\stsagarino\app\controllers\MusicController.scala. Using presentation compiler with project's scala-library version: 3.3.3
2024.08.07 23:13:16 INFO  no build target found for C:\Users\PC\Desktop\PlayFramework_Vauldex\stsagarino\app\controllers\MusicController.scala. Using presentation compiler with project's scala-library version: 3.3.3
2024.08.07 23:13:18 INFO  no build target found for C:\Users\PC\Desktop\PlayFramework_Vauldex\stsagarino\app\controllers\MusicController.scala. Using presentation compiler with project's scala-library version: 3.3.3
2024.08.07 23:13:18 INFO  no build target found for C:\Users\PC\Desktop\PlayFramework_Vauldex\stsagarino\app\controllers\MusicController.scala. Using presentation compiler with project's scala-library version: 3.3.3
2024.08.07 23:13:20 WARN  no build target for: C:\Users\PC\Desktop\PlayFramework_Vauldex\stsagarino\app\controllers\MusicController.scala
2024.08.07 23:13:20 INFO  no build target found for C:\Users\PC\Desktop\PlayFramework_Vauldex\stsagarino\app\controllers\MusicController.scala. Using presentation compiler with project's scala-library version: 3.3.3
2024.08.07 23:13:20 INFO  no build target found for C:\Users\PC\Desktop\PlayFramework_Vauldex\stsagarino\app\controllers\MusicController.scala. Using presentation compiler with project's scala-library version: 3.3.3
2024.08.07 23:13:23 WARN  no build target for: C:\Users\PC\Desktop\PlayFramework_Vauldex\stsagarino\app\controllers\MusicController.scala
2024.08.07 23:13:23 INFO  no build target found for C:\Users\PC\Desktop\PlayFramework_Vauldex\stsagarino\app\controllers\MusicController.scala. Using presentation compiler with project's scala-library version: 3.3.3
2024.08.07 23:13:24 WARN  no build target for: C:\Users\PC\Desktop\PlayFramework_Vauldex\stsagarino\app\controllers\MusicController.scala
2024.08.07 23:13:24 INFO  no build target found for C:\Users\PC\Desktop\PlayFramework_Vauldex\stsagarino\app\controllers\MusicController.scala. Using presentation compiler with project's scala-library version: 3.3.3
2024.08.07 23:13:48 INFO  no build target found for C:\Users\PC\Desktop\PlayFramework_Vauldex\stsagarino\test\controllers\BookControllerSpec.scala. Using presentation compiler with project's scala-library version: 3.3.3
2024.08.07 23:13:48 WARN  Could not find semantic tokens for: file:///C:/Users/PC/Desktop/PlayFramework_Vauldex/stsagarino/test/controllers/BookControllerSpec.scala
2024.08.07 23:13:49 INFO  no build target found for C:\Users\PC\Desktop\PlayFramework_Vauldex\stsagarino\test\controllers\BookControllerSpec.scala. Using presentation compiler with project's scala-library version: 3.3.3
2024.08.07 23:13:49 INFO  no build target found for C:\Users\PC\Desktop\PlayFramework_Vauldex\stsagarino\test\controllers\BookControllerSpec.scala. Using presentation compiler with project's scala-library version: 3.3.3
2024.08.07 23:13:49 INFO  no build target found for C:\Users\PC\Desktop\PlayFramework_Vauldex\stsagarino\test\controllers\BookControllerSpec.scala. Using presentation compiler with project's scala-library version: 3.3.3
2024.08.07 23:13:49 INFO  no build target found for C:\Users\PC\Desktop\PlayFramework_Vauldex\stsagarino\test\controllers\BookControllerSpec.scala. Using presentation compiler with project's scala-library version: 3.3.3
2024.08.07 23:13:49 INFO  no build target found for C:\Users\PC\Desktop\PlayFramework_Vauldex\stsagarino\test\controllers\BookControllerSpec.scala. Using presentation compiler with project's scala-library version: 3.3.3
2024.08.07 23:13:50 WARN  no build target for: C:\Users\PC\Desktop\PlayFramework_Vauldex\stsagarino\test\controllers\BookControllerSpec.scala
2024.08.07 23:13:50 INFO  no build target found for C:\Users\PC\Desktop\PlayFramework_Vauldex\stsagarino\test\controllers\BookControllerSpec.scala. Using presentation compiler with project's scala-library version: 3.3.3
2024.08.07 23:13:56 INFO  no build target found for C:\Users\PC\Desktop\PlayFramework_Vauldex\stsagarino\test\controllers\BookControllerSpec.scala. Using presentation compiler with project's scala-library version: 3.3.3
2024.08.07 23:14:04 INFO  no build target found for C:\Users\PC\Desktop\PlayFramework_Vauldex\stsagarino\test\controllers\BookControllerSpec.scala. Using presentation compiler with project's scala-library version: 3.3.3
2024.08.07 23:14:09 INFO  no build target found for C:\Users\PC\Desktop\PlayFramework_Vauldex\stsagarino\test\controllers\MusicControllerSpec.scala. Using presentation compiler with project's scala-library version: 3.3.3
2024.08.07 23:14:09 WARN  Could not find semantic tokens for: file:///C:/Users/PC/Desktop/PlayFramework_Vauldex/stsagarino/test/controllers/MusicControllerSpec.scala
2024.08.07 23:14:15 INFO  no build target found for C:\Users\PC\Desktop\PlayFramework_Vauldex\stsagarino\test\controllers\MusicControllerSpec.scala. Using presentation compiler with project's scala-library version: 3.3.3
2024.08.07 23:14:16 INFO  no build target found for C:\Users\PC\Desktop\PlayFramework_Vauldex\stsagarino\test\controllers\MusicControllerSpec.scala. Using presentation compiler with project's scala-library version: 3.3.3
2024.08.07 23:14:17 WARN  no build target for: C:\Users\PC\Desktop\PlayFramework_Vauldex\stsagarino\test\controllers\MusicControllerSpec.scala
2024.08.07 23:14:17 INFO  no build target found for C:\Users\PC\Desktop\PlayFramework_Vauldex\stsagarino\test\controllers\MusicControllerSpec.scala. Using presentation compiler with project's scala-library version: 3.3.3
2024.08.07 23:14:17 INFO  no build target found for C:\Users\PC\Desktop\PlayFramework_Vauldex\stsagarino\test\controllers\MusicControllerSpec.scala. Using presentation compiler with project's scala-library version: 3.3.3
2024.08.07 23:14:18 WARN  no build target for: C:\Users\PC\Desktop\PlayFramework_Vauldex\stsagarino\test\controllers\MusicControllerSpec.scala
2024.08.07 23:14:18 INFO  no build target found for C:\Users\PC\Desktop\PlayFramework_Vauldex\stsagarino\test\controllers\MusicControllerSpec.scala. Using presentation compiler with project's scala-library version: 3.3.3
2024.08.07 23:14:28 WARN  no build target for: C:\Users\PC\Desktop\PlayFramework_Vauldex\stsagarino\test\controllers\MusicControllerSpec.scala
2024.08.07 23:14:28 INFO  no build target found for C:\Users\PC\Desktop\PlayFramework_Vauldex\stsagarino\test\controllers\MusicControllerSpec.scala. Using presentation compiler with project's scala-library version: 3.3.3
2024.08.07 23:14:58 INFO  no build target found for C:\Users\PC\Desktop\PlayFramework_Vauldex\stsagarino\app\controllers\BookController.scala. Using presentation compiler with project's scala-library version: 3.3.3
2024.08.07 23:16:25 INFO  no build target found for C:\Users\PC\Desktop\PlayFramework_Vauldex\stsagarino\app\controllers\BookController.scala. Using presentation compiler with project's scala-library version: 3.3.3
2024.08.07 23:16:26 INFO  no build target found for C:\Users\PC\Desktop\PlayFramework_Vauldex\stsagarino\app\controllers\BookController.scala. Using presentation compiler with project's scala-library version: 3.3.3
2024.08.07 23:16:31 INFO  no build target found for C:\Users\PC\Desktop\PlayFramework_Vauldex\stsagarino\app\controllers\MusicController.scala. Using presentation compiler with project's scala-library version: 3.3.3
2024.08.07 23:16:31 INFO  no build target found for C:\Users\PC\Desktop\PlayFramework_Vauldex\stsagarino\app\controllers\MusicController.scala. Using presentation compiler with project's scala-library version: 3.3.3
2024.08.07 23:16:31 INFO  no build target found for C:\Users\PC\Desktop\PlayFramework_Vauldex\stsagarino\app\controllers\MusicController.scala. Using presentation compiler with project's scala-library version: 3.3.3
2024.08.07 23:16:31 INFO  no build target found for C:\Users\PC\Desktop\PlayFramework_Vauldex\stsagarino\app\controllers\MusicController.scala. Using presentation compiler with project's scala-library version: 3.3.3
2024.08.07 23:16:31 INFO  no build target found for C:\Users\PC\Desktop\PlayFramework_Vauldex\stsagarino\app\controllers\MusicController.scala. Using presentation compiler with project's scala-library version: 3.3.3
2024.08.07 23:16:32 WARN  no build target for: C:\Users\PC\Desktop\PlayFramework_Vauldex\stsagarino\app\controllers\MusicController.scala
2024.08.07 23:16:32 INFO  no build target found for C:\Users\PC\Desktop\PlayFramework_Vauldex\stsagarino\app\controllers\MusicController.scala. Using presentation compiler with project's scala-library version: 3.3.3
2024.08.07 23:16:53 INFO  no build target found for C:\Users\PC\Desktop\PlayFramework_Vauldex\stsagarino\test\controllers\BookControllerSpec.scala. Using presentation compiler with project's scala-library version: 3.3.3
2024.08.07 23:16:53 INFO  no build target found for C:\Users\PC\Desktop\PlayFramework_Vauldex\stsagarino\test\controllers\BookControllerSpec.scala. Using presentation compiler with project's scala-library version: 3.3.3
2024.08.07 23:16:53 INFO  no build target found for C:\Users\PC\Desktop\PlayFramework_Vauldex\stsagarino\test\controllers\BookControllerSpec.scala. Using presentation compiler with project's scala-library version: 3.3.3
2024.08.07 23:16:54 INFO  no build target found for C:\Users\PC\Desktop\PlayFramework_Vauldex\stsagarino\test\controllers\BookControllerSpec.scala. Using presentation compiler with project's scala-library version: 3.3.3
2024.08.07 23:16:55 INFO  no build target found for C:\Users\PC\Desktop\PlayFramework_Vauldex\stsagarino\test\controllers\BookControllerSpec.scala. Using presentation compiler with project's scala-library version: 3.3.3
2024.08.07 23:16:55 WARN  no build target for: C:\Users\PC\Desktop\PlayFramework_Vauldex\stsagarino\test\controllers\BookControllerSpec.scala
2024.08.07 23:16:55 INFO  no build target found for C:\Users\PC\Desktop\PlayFramework_Vauldex\stsagarino\test\controllers\BookControllerSpec.scala. Using presentation compiler with project's scala-library version: 3.3.3
2024.08.07 23:17:05 INFO  no build target found for C:\Users\PC\Desktop\PlayFramework_Vauldex\stsagarino\test\controllers\BookControllerSpec.scala. Using presentation compiler with project's scala-library version: 3.3.3
2024.08.07 23:17:05 WARN  no build target for: C:\Users\PC\Desktop\PlayFramework_Vauldex\stsagarino\test\controllers\BookControllerSpec.scala
2024.08.07 23:17:05 INFO  no build target found for C:\Users\PC\Desktop\PlayFramework_Vauldex\stsagarino\test\controllers\BookControllerSpec.scala. Using presentation compiler with project's scala-library version: 3.3.3
2024.08.07 23:17:05 INFO  no build target found for C:\Users\PC\Desktop\PlayFramework_Vauldex\stsagarino\test\controllers\BookControllerSpec.scala. Using presentation compiler with project's scala-library version: 3.3.3
2024.08.07 23:17:05 INFO  no build target found for C:\Users\PC\Desktop\PlayFramework_Vauldex\stsagarino\test\controllers\BookControllerSpec.scala. Using presentation compiler with project's scala-library version: 3.3.3
2024.08.07 23:17:05 INFO  no build target found for C:\Users\PC\Desktop\PlayFramework_Vauldex\stsagarino\test\controllers\BookControllerSpec.scala. Using presentation compiler with project's scala-library version: 3.3.3
2024.08.07 23:17:06 INFO  no build target found for C:\Users\PC\Desktop\PlayFramework_Vauldex\stsagarino\test\controllers\BookControllerSpec.scala. Using presentation compiler with project's scala-library version: 3.3.3
2024.08.07 23:17:16 INFO  no build target found for C:\Users\PC\Desktop\PlayFramework_Vauldex\stsagarino\app\controllers\BookController.scala. Using presentation compiler with project's scala-library version: 3.3.3
2024.08.07 23:17:18 INFO  no build target found for C:\Users\PC\Desktop\PlayFramework_Vauldex\stsagarino\app\controllers\MusicController.scala. Using presentation compiler with project's scala-library version: 3.3.3
2024.08.07 23:17:21 INFO  no build target found for C:\Users\PC\Desktop\PlayFramework_Vauldex\stsagarino\app\controllers\MusicController.scala. Using presentation compiler with project's scala-library version: 3.3.3
2024.08.07 23:17:21 INFO  no build target found for C:\Users\PC\Desktop\PlayFramework_Vauldex\stsagarino\app\controllers\MusicController.scala. Using presentation compiler with project's scala-library version: 3.3.3
2024.08.07 23:17:21 INFO  no build target found for C:\Users\PC\Desktop\PlayFramework_Vauldex\stsagarino\app\controllers\MusicController.scala. Using presentation compiler with project's scala-library version: 3.3.3
2024.08.07 23:17:22 INFO  no build target found for C:\Users\PC\Desktop\PlayFramework_Vauldex\stsagarino\app\controllers\MusicController.scala. Using presentation compiler with project's scala-library version: 3.3.3
2024.08.07 23:17:22 INFO  no build target found for C:\Users\PC\Desktop\PlayFramework_Vauldex\stsagarino\app\controllers\MusicController.scala. Using presentation compiler with project's scala-library version: 3.3.3
2024.08.07 23:17:24 INFO  no build target found for C:\Users\PC\Desktop\PlayFramework_Vauldex\stsagarino\app\controllers\MusicController.scala. Using presentation compiler with project's scala-library version: 3.3.3
2024.08.07 23:17:24 INFO  no build target found for C:\Users\PC\Desktop\PlayFramework_Vauldex\stsagarino\app\controllers\MusicController.scala. Using presentation compiler with project's scala-library version: 3.3.3
2024.08.07 23:17:24 INFO  no build target found for C:\Users\PC\Desktop\PlayFramework_Vauldex\stsagarino\app\controllers\MusicController.scala. Using presentation compiler with project's scala-library version: 3.3.3
2024.08.07 23:17:24 INFO  no build target found for C:\Users\PC\Desktop\PlayFramework_Vauldex\stsagarino\app\controllers\MusicController.scala. Using presentation compiler with project's scala-library version: 3.3.3
2024.08.07 23:17:24 INFO  no build target found for C:\Users\PC\Desktop\PlayFramework_Vauldex\stsagarino\app\controllers\MusicController.scala. Using presentation compiler with project's scala-library version: 3.3.3
2024.08.07 23:17:28 WARN  no build target for: C:\Users\PC\Desktop\PlayFramework_Vauldex\stsagarino\app\controllers\MusicController.scala
2024.08.07 23:17:28 INFO  no build target found for C:\Users\PC\Desktop\PlayFramework_Vauldex\stsagarino\app\controllers\MusicController.scala. Using presentation compiler with project's scala-library version: 3.3.3
2024.08.07 23:17:28 INFO  no build target found for C:\Users\PC\Desktop\PlayFramework_Vauldex\stsagarino\app\controllers\MusicController.scala. Using presentation compiler with project's scala-library version: 3.3.3
2024.08.07 23:17:38 WARN  no build target for: C:\Users\PC\Desktop\PlayFramework_Vauldex\stsagarino\app\controllers\MusicController.scala
2024.08.07 23:17:38 INFO  no build target found for C:\Users\PC\Desktop\PlayFramework_Vauldex\stsagarino\app\controllers\MusicController.scala. Using presentation compiler with project's scala-library version: 3.3.3
2024.08.07 23:17:40 INFO  no build target found for C:\Users\PC\Desktop\PlayFramework_Vauldex\stsagarino\app\controllers\BookController.scala. Using presentation compiler with project's scala-library version: 3.3.3
2024.08.07 23:17:45 INFO  no build target found for C:\Users\PC\Desktop\PlayFramework_Vauldex\stsagarino\app\controllers\BookController.scala. Using presentation compiler with project's scala-library version: 3.3.3
2024.08.07 23:17:53 WARN  no build target for: C:\Users\PC\Desktop\PlayFramework_Vauldex\stsagarino\app\controllers\BookController.scala
2024.08.07 23:17:53 INFO  no build target found for C:\Users\PC\Desktop\PlayFramework_Vauldex\stsagarino\app\controllers\BookController.scala. Using presentation compiler with project's scala-library version: 3.3.3
2024.08.07 23:17:53 INFO  no build target found for C:\Users\PC\Desktop\PlayFramework_Vauldex\stsagarino\app\controllers\BookController.scala. Using presentation compiler with project's scala-library version: 3.3.3
2024.08.07 23:17:54 WARN  no build target for: C:\Users\PC\Desktop\PlayFramework_Vauldex\stsagarino\app\controllers\BookController.scala
2024.08.07 23:17:54 INFO  no build target found for C:\Users\PC\Desktop\PlayFramework_Vauldex\stsagarino\app\controllers\BookController.scala. Using presentation compiler with project's scala-library version: 3.3.3
2024.08.07 23:18:46 INFO  no build target found for C:\Users\PC\Desktop\PlayFramework_Vauldex\stsagarino\app\controllers\BookController.scala. Using presentation compiler with project's scala-library version: 3.3.3
2024.08.07 23:19:08 INFO  no build target found for C:\Users\PC\Desktop\PlayFramework_Vauldex\stsagarino\app\controllers\BookController.scala. Using presentation compiler with project's scala-library version: 3.3.3
2024.08.07 23:19:08 INFO  no build target found for C:\Users\PC\Desktop\PlayFramework_Vauldex\stsagarino\build.sbt. Using presentation compiler with project's scala-library version: 3.3.3
2024.08.07 23:19:08 INFO  no build target found for C:\Users\PC\Desktop\PlayFramework_Vauldex\stsagarino\build.sbt. Using presentation compiler with project's scala-library version: 3.3.3
2024.08.07 23:19:08 INFO  no build target found for C:\Users\PC\Desktop\PlayFramework_Vauldex\stsagarino\build.sbt. Using presentation compiler with project's scala-library version: 3.3.3
2024.08.07 23:19:08 INFO  no build target found for C:\Users\PC\Desktop\PlayFramework_Vauldex\stsagarino\build.sbt. Using presentation compiler with project's scala-library version: 3.3.3
2024.08.07 23:19:11 INFO  no build target found for C:\Users\PC\Desktop\PlayFramework_Vauldex\stsagarino\build.sbt. Using presentation compiler with project's scala-library version: 3.3.3
2024.08.07 23:19:13 INFO  no build target found for C:\Users\PC\Desktop\PlayFramework_Vauldex\stsagarino\build.sbt. Using presentation compiler with project's scala-library version: 3.3.3
2024.08.07 23:19:14 INFO  no build target found for C:\Users\PC\Desktop\PlayFramework_Vauldex\stsagarino\build.sbt. Using presentation compiler with project's scala-library version: 3.3.3
2024.08.07 23:19:14 INFO  no build target found for C:\Users\PC\Desktop\PlayFramework_Vauldex\stsagarino\build.sbt. Using presentation compiler with project's scala-library version: 3.3.3
2024.08.07 23:19:14 INFO  no build target found for C:\Users\PC\Desktop\PlayFramework_Vauldex\stsagarino\build.sbt. Using presentation compiler with project's scala-library version: 3.3.3
2024.08.07 23:19:17 INFO  no build target found for C:\Users\PC\Desktop\PlayFramework_Vauldex\stsagarino\build.sbt. Using presentation compiler with project's scala-library version: 3.3.3
2024.08.07 23:19:17 INFO  no build target found for C:\Users\PC\Desktop\PlayFramework_Vauldex\stsagarino\build.sbt. Using presentation compiler with project's scala-library version: 3.3.3
2024.08.07 23:19:17 INFO  no build target found for C:\Users\PC\Desktop\PlayFramework_Vauldex\stsagarino\build.sbt. Using presentation compiler with project's scala-library version: 3.3.3
2024.08.07 23:19:17 INFO  no build target found for C:\Users\PC\Desktop\PlayFramework_Vauldex\stsagarino\build.sbt. Using presentation compiler with project's scala-library version: 3.3.3
2024.08.07 23:19:18 INFO  no build target found for C:\Users\PC\Desktop\PlayFramework_Vauldex\stsagarino\build.sbt. Using presentation compiler with project's scala-library version: 3.3.3
2024.08.07 23:19:18 INFO  no build target found for C:\Users\PC\Desktop\PlayFramework_Vauldex\stsagarino\build.sbt. Using presentation compiler with project's scala-library version: 3.3.3
2024.08.07 23:19:19 INFO  no build target found for C:\Users\PC\Desktop\PlayFramework_Vauldex\stsagarino\build.sbt. Using presentation compiler with project's scala-library version: 3.3.3
2024.08.07 23:19:19 INFO  no build target found for C:\Users\PC\Desktop\PlayFramework_Vauldex\stsagarino\build.sbt. Using presentation compiler with project's scala-library version: 3.3.3
2024.08.07 23:19:19 INFO  no build target found for C:\Users\PC\Desktop\PlayFramework_Vauldex\stsagarino\build.sbt. Using presentation compiler with project's scala-library version: 3.3.3
2024.08.07 23:19:19 INFO  no build target found for C:\Users\PC\Desktop\PlayFramework_Vauldex\stsagarino\build.sbt. Using presentation compiler with project's scala-library version: 3.3.3
2024.08.07 23:19:21 INFO  no build target found for C:\Users\PC\Desktop\PlayFramework_Vauldex\stsagarino\build.sbt. Using presentation compiler with project's scala-library version: 3.3.3
2024.08.07 23:19:28 INFO  no build target found for C:\Users\PC\Desktop\PlayFramework_Vauldex\stsagarino\build.sbt. Using presentation compiler with project's scala-library version: 3.3.3
2024.08.07 23:19:28 INFO  no build target found for C:\Users\PC\Desktop\PlayFramework_Vauldex\stsagarino\build.sbt. Using presentation compiler with project's scala-library version: 3.3.3
2024.08.07 23:19:28 INFO  no build target found for C:\Users\PC\Desktop\PlayFramework_Vauldex\stsagarino\build.sbt. Using presentation compiler with project's scala-library version: 3.3.3
2024.08.07 23:19:28 INFO  no build target found for C:\Users\PC\Desktop\PlayFramework_Vauldex\stsagarino\build.sbt. Using presentation compiler with project's scala-library version: 3.3.3
2024.08.07 23:19:28 INFO  no build target found for C:\Users\PC\Desktop\PlayFramework_Vauldex\stsagarino\build.sbt. Using presentation compiler with project's scala-library version: 3.3.3
2024.08.07 23:19:28 INFO  no build target found for C:\Users\PC\Desktop\PlayFramework_Vauldex\stsagarino\build.sbt. Using presentation compiler with project's scala-library version: 3.3.3
2024.08.07 23:19:28 INFO  no build target found for C:\Users\PC\Desktop\PlayFramework_Vauldex\stsagarino\build.sbt. Using presentation compiler with project's scala-library version: 3.3.3
2024.08.07 23:19:29 INFO  no build target found for C:\Users\PC\Desktop\PlayFramework_Vauldex\stsagarino\build.sbt. Using presentation compiler with project's scala-library version: 3.3.3
2024.08.07 23:19:29 INFO  no build target found for C:\Users\PC\Desktop\PlayFramework_Vauldex\stsagarino\build.sbt. Using presentation compiler with project's scala-library version: 3.3.3
2024.08.07 23:19:29 WARN  no build target for: C:\Users\PC\Desktop\PlayFramework_Vauldex\stsagarino\build.sbt
2024.08.07 23:19:29 INFO  no build target found for C:\Users\PC\Desktop\PlayFramework_Vauldex\stsagarino\build.sbt. Using presentation compiler with project's scala-library version: 3.3.3
2024.08.07 23:19:29 INFO  no build target found for C:\Users\PC\Desktop\PlayFramework_Vauldex\stsagarino\build.sbt. Using presentation compiler with project's scala-library version: 3.3.3
2024.08.07 23:19:37 INFO  no build target found for C:\Users\PC\Desktop\PlayFramework_Vauldex\stsagarino\build.sbt. Using presentation compiler with project's scala-library version: 3.3.3
2024.08.07 23:19:37 INFO  no build target found for C:\Users\PC\Desktop\PlayFramework_Vauldex\stsagarino\build.sbt. Using presentation compiler with project's scala-library version: 3.3.3
2024.08.07 23:19:38 WARN  no build target for: C:\Users\PC\Desktop\PlayFramework_Vauldex\stsagarino\build.sbt
2024.08.07 23:19:38 INFO  no build target found for C:\Users\PC\Desktop\PlayFramework_Vauldex\stsagarino\build.sbt. Using presentation compiler with project's scala-library version: 3.3.3
2024.08.07 23:19:39 WARN  no build target for: C:\Users\PC\Desktop\PlayFramework_Vauldex\stsagarino\build.sbt
2024.08.07 23:19:39 INFO  no build target found for C:\Users\PC\Desktop\PlayFramework_Vauldex\stsagarino\build.sbt. Using presentation compiler with project's scala-library version: 3.3.3
2024.08.07 23:21:24 INFO  no build target found for C:\Users\PC\Desktop\PlayFramework_Vauldex\stsagarino-08072024-homework\.g8\form\app\controllers\$model__Camel$Controller.scala. Using presentation compiler with project's scala-library version: 3.3.3
2024.08.07 23:21:27 INFO  no build target found for C:\Users\PC\Desktop\PlayFramework_Vauldex\stsagarino-08072024-homework\.g8\form\app\controllers\$model__Camel$Controller.scala. Using presentation compiler with project's scala-library version: 3.3.3
2024.08.07 23:21:32 INFO  no build target found for C:\Users\PC\Desktop\PlayFramework_Vauldex\stsagarino-08072024-homework\.g8\form\test\controllers\$model__Camel$ControllerSpec.scala. Using presentation compiler with project's scala-library version: 3.3.3
2024.08.07 23:21:33 INFO  no build target found for C:\Users\PC\Desktop\PlayFramework_Vauldex\stsagarino-08072024-homework\.g8\form\test\controllers\$model__Camel$ControllerSpec.scala. Using presentation compiler with project's scala-library version: 3.3.3
2024.08.07 23:21:33 INFO  no build target found for C:\Users\PC\Desktop\PlayFramework_Vauldex\stsagarino-08072024-homework\.g8\form\test\controllers\$model__Camel$ControllerSpec.scala. Using presentation compiler with project's scala-library version: 3.3.3
2024.08.07 23:21:35 INFO  no build target found for C:\Users\PC\Desktop\PlayFramework_Vauldex\stsagarino-08072024-homework\.g8\form\test\controllers\$model__Camel$ControllerSpec.scala. Using presentation compiler with project's scala-library version: 3.3.3
2024.08.07 23:21:48 INFO  no build target found for C:\Users\PC\Desktop\PlayFramework_Vauldex\stsagarino-08072024-homework\.g8\form\test\controllers\$model__Camel$ControllerSpec.scala. Using presentation compiler with project's scala-library version: 3.3.3
2024.08.07 23:21:50 INFO  no build target found for C:\Users\PC\Desktop\PlayFramework_Vauldex\stsagarino-08072024-homework\.g8\form\test\controllers\$model__Camel$ControllerSpec.scala. Using presentation compiler with project's scala-library version: 3.3.3
2024.08.07 23:21:50 INFO  no build target found for C:\Users\PC\Desktop\PlayFramework_Vauldex\stsagarino-08072024-homework\test\controllers\BookControllerSpec.scala. Using presentation compiler with project's scala-library version: 3.3.3
2024.08.07 23:21:51 INFO  no build target found for C:\Users\PC\Desktop\PlayFramework_Vauldex\stsagarino-08072024-homework\test\controllers\BookControllerSpec.scala. Using presentation compiler with project's scala-library version: 3.3.3
2024.08.07 23:21:51 INFO  no build target found for C:\Users\PC\Desktop\PlayFramework_Vauldex\stsagarino-08072024-homework\test\controllers\HomeControllerSpec.scala. Using presentation compiler with project's scala-library version: 3.3.3
2024.08.07 23:21:53 INFO  no build target found for C:\Users\PC\Desktop\PlayFramework_Vauldex\stsagarino-08072024-homework\test\controllers\HomeControllerSpec.scala. Using presentation compiler with project's scala-library version: 3.3.3
2024.08.07 23:21:56 INFO  no build target found for C:\Users\PC\Desktop\PlayFramework_Vauldex\stsagarino-08072024-homework\test\controllers\HomeControllerSpec.scala. Using presentation compiler with project's scala-library version: 3.3.3
2024.08.07 23:21:56 INFO  no build target found for C:\Users\PC\Desktop\PlayFramework_Vauldex\stsagarino-08072024-homework\test\controllers\MusicControllerSpec.scala. Using presentation compiler with project's scala-library version: 3.3.3
2024.08.07 23:21:56 INFO  no build target found for C:\Users\PC\Desktop\PlayFramework_Vauldex\stsagarino-08072024-homework\test\controllers\MusicControllerSpec.scala. Using presentation compiler with project's scala-library version: 3.3.3
2024.08.07 23:21:58 INFO  no build target found for C:\Users\PC\Desktop\PlayFramework_Vauldex\stsagarino-08072024-homework\test\controllers\MusicControllerSpec.scala. Using presentation compiler with project's scala-library version: 3.3.3
2024.08.07 23:22:03 INFO  no build target found for C:\Users\PC\Desktop\PlayFramework_Vauldex\stsagarino-08072024-homework\test\controllers\MusicControllerSpec.scala. Using presentation compiler with project's scala-library version: 3.3.3
2024.08.07 23:22:03 INFO  no build target found for C:\Users\PC\Desktop\PlayFramework_Vauldex\stsagarino-08072024-homework\build.sbt. Using presentation compiler with project's scala-library version: 3.3.3
2024.08.07 23:22:03 INFO  no build target found for C:\Users\PC\Desktop\PlayFramework_Vauldex\stsagarino-08072024-homework\build.sbt. Using presentation compiler with project's scala-library version: 3.3.3
2024.08.07 23:22:04 INFO  no build target found for C:\Users\PC\Desktop\PlayFramework_Vauldex\stsagarino-08072024-homework\build.sbt. Using presentation compiler with project's scala-library version: 3.3.3
2024.08.07 23:22:04 INFO  no build target found for C:\Users\PC\Desktop\PlayFramework_Vauldex\stsagarino-08072024-homework\build.sbt. Using presentation compiler with project's scala-library version: 3.3.3
2024.08.07 23:22:07 WARN  no build target for: C:\Users\PC\Desktop\PlayFramework_Vauldex\stsagarino-08072024-homework\build.sbt
2024.08.07 23:22:07 INFO  no build target found for C:\Users\PC\Desktop\PlayFramework_Vauldex\stsagarino-08072024-homework\build.sbt. Using presentation compiler with project's scala-library version: 3.3.3
2024.08.07 23:22:07 INFO  no build target found for C:\Users\PC\Desktop\PlayFramework_Vauldex\stsagarino-08072024-homework\build.sbt. Using presentation compiler with project's scala-library version: 3.3.3
2024.08.07 23:22:11 INFO  no build target found for C:\Users\PC\Desktop\PlayFramework_Vauldex\stsagarino-08072024-homework\test\controllers\MusicControllerSpec.scala. Using presentation compiler with project's scala-library version: 3.3.3
2024.08.07 23:22:14 INFO  no build target found for C:\Users\PC\Desktop\PlayFramework_Vauldex\stsagarino-08072024-homework\test\controllers\MusicControllerSpec.scala. Using presentation compiler with project's scala-library version: 3.3.3
2024.08.07 23:22:14 INFO  no build target found for C:\Users\PC\Desktop\PlayFramework_Vauldex\stsagarino-08072024-homework\test\controllers\HomeControllerSpec.scala. Using presentation compiler with project's scala-library version: 3.3.3
2024.08.07 23:22:18 INFO  no build target found for C:\Users\PC\Desktop\PlayFramework_Vauldex\stsagarino-08072024-homework\test\controllers\HomeControllerSpec.scala. Using presentation compiler with project's scala-library version: 3.3.3
Aug 07, 2024 11:22:18 PM org.eclipse.lsp4j.jsonrpc.RemoteEndpoint handleCancellation
WARNING: Unmatched cancel notification for request id 678
2024.08.07 23:22:18 INFO  no build target found for C:\Users\PC\Desktop\PlayFramework_Vauldex\stsagarino-08072024-homework\test\controllers\HomeControllerSpec.scala. Using presentation compiler with project's scala-library version: 3.3.3
2024.08.07 23:22:18 INFO  no build target found for C:\Users\PC\Desktop\PlayFramework_Vauldex\stsagarino-08072024-homework\test\controllers\HomeControllerSpec.scala. Using presentation compiler with project's scala-library version: 3.3.3
2024.08.07 23:22:19 INFO  no build target found for C:\Users\PC\Desktop\PlayFramework_Vauldex\stsagarino-08072024-homework\test\controllers\HomeControllerSpec.scala. Using presentation compiler with project's scala-library version: 3.3.3
2024.08.07 23:22:21 INFO  no build target found for C:\Users\PC\Desktop\PlayFramework_Vauldex\stsagarino-08072024-homework\test\controllers\HomeControllerSpec.scala. Using presentation compiler with project's scala-library version: 3.3.3
2024.08.07 23:22:21 INFO  no build target found for C:\Users\PC\Desktop\PlayFramework_Vauldex\stsagarino-08072024-homework\test\controllers\BookControllerSpec.scala. Using presentation compiler with project's scala-library version: 3.3.3
2024.08.07 23:22:21 INFO  no build target found for C:\Users\PC\Desktop\PlayFramework_Vauldex\stsagarino-08072024-homework\test\controllers\BookControllerSpec.scala. Using presentation compiler with project's scala-library version: 3.3.3
2024.08.07 23:22:21 INFO  no build target found for C:\Users\PC\Desktop\PlayFramework_Vauldex\stsagarino-08072024-homework\test\controllers\BookControllerSpec.scala. Using presentation compiler with project's scala-library version: 3.3.3
2024.08.07 23:22:22 INFO  no build target found for C:\Users\PC\Desktop\PlayFramework_Vauldex\stsagarino-08072024-homework\test\controllers\BookControllerSpec.scala. Using presentation compiler with project's scala-library version: 3.3.3
2024.08.07 23:22:23 WARN  no build target for: C:\Users\PC\Desktop\PlayFramework_Vauldex\stsagarino-08072024-homework\test\controllers\BookControllerSpec.scala
2024.08.07 23:22:23 INFO  no build target found for C:\Users\PC\Desktop\PlayFramework_Vauldex\stsagarino-08072024-homework\test\controllers\BookControllerSpec.scala. Using presentation compiler with project's scala-library version: 3.3.3
2024.08.07 23:22:23 INFO  no build target found for C:\Users\PC\Desktop\PlayFramework_Vauldex\stsagarino-08072024-homework\test\controllers\BookControllerSpec.scala. Using presentation compiler with project's scala-library version: 3.3.3
2024.08.07 23:22:40 INFO  Shutting down server
2024.08.07 23:22:40 INFO  shutting down Metals
2024.08.07 23:22:40 INFO  Exiting server
2024.08.09 05:12:05 INFO  Started: Metals version 1.3.5 in folders 'C:\Users\PC\Desktop\playframework_vauldex' for client Visual Studio Code 1.92.1.
SLF4J(W): Class path contains multiple SLF4J providers.
SLF4J(W): Found provider [scribe.slf4j.ScribeServiceProvider@7c62e1da]
SLF4J(W): Found provider [ch.qos.logback.classic.spi.LogbackServiceProvider@3c9d3ad0]
SLF4J(W): See https://www.slf4j.org/codes.html#multiple_bindings for an explanation.
SLF4J(I): Actual provider is of type [scribe.slf4j.ScribeServiceProvider@7c62e1da]
2024.08.09 05:12:06 WARN  Flyway upgrade recommended: H2 2.3.230 is newer than this version of Flyway and support has not been tested. The latest supported version of H2 is 2.2.220.
Aug 09, 2024 5:12:07 AM org.eclipse.lsp4j.jsonrpc.RemoteEndpoint handleNotification
WARNING: Notification threw an exception: {
  "jsonrpc": "2.0",
  "method": "textDocument/didOpen",
  "params": {
    "textDocument": {
      "uri": "file:///c%3A/Users/PC/Desktop/PlayFramework_Vauldex/futures/app/controllers/HomeController.scala",
      "languageId": "scala",
      "version": 1,
      "text": "package controllers\r\n\r\nimport javax.inject._\r\nimport play.api._\r\nimport play.api.mvc._\r\n\r\n/**\r\n * This controller creates an `Action` to handle HTTP requests to the\r\n * application\u0027s home page.\r\n */\r\n@Singleton\r\nclass HomeController @Inject()(val controllerComponents: ControllerComponents) extends BaseController {\r\n\r\n  /**\r\n   * Create an Action to render an HTML page.\r\n   *\r\n   * The configuration in the `routes` file means that this method\r\n   * will be called when the application receives a `GET` request with\r\n   * a path of `/`.\r\n   */\r\n  def index() \u003d Action { implicit request: Request[AnyContent] \u003d\u003e\r\n    Ok(views.html.index())\r\n  }\r\n  def future() \u003d Action.async {\r\n    \r\n  }\r\n}\r\n"
    }
  }
}
java.lang.IllegalStateException: An unexpected exception occurred while executing jsonrpc method public abstract java.util.concurrent.CompletableFuture scala.meta.metals.lsp.TextDocumentService.didOpen(org.eclipse.lsp4j.DidOpenTextDocumentParams)
	at org.eclipse.lsp4j.jsonrpc.services.GenericEndpoint.lambda$recursiveFindRpcMethods$0(GenericEndpoint.java:73)
	at org.eclipse.lsp4j.jsonrpc.services.GenericEndpoint.notify(GenericEndpoint.java:160)
	at org.eclipse.lsp4j.jsonrpc.RemoteEndpoint.handleNotification(RemoteEndpoint.java:231)
	at org.eclipse.lsp4j.jsonrpc.RemoteEndpoint.consume(RemoteEndpoint.java:198)
	at org.eclipse.lsp4j.jsonrpc.json.StreamMessageProducer.handleMessage(StreamMessageProducer.java:185)
	at org.eclipse.lsp4j.jsonrpc.json.StreamMessageProducer.listen(StreamMessageProducer.java:97)
	at org.eclipse.lsp4j.jsonrpc.json.ConcurrentMessageProcessor.run(ConcurrentMessageProcessor.java:114)
	at java.base/java.util.concurrent.Executors$RunnableAdapter.call(Executors.java:539)
	at java.base/java.util.concurrent.FutureTask.run(FutureTask.java:264)
	at java.base/java.util.concurrent.ThreadPoolExecutor.runWorker(ThreadPoolExecutor.java:1136)
	at java.base/java.util.concurrent.ThreadPoolExecutor$Worker.run(ThreadPoolExecutor.java:635)
	at java.base/java.lang.Thread.run(Thread.java:842)
Caused by: java.nio.file.NoSuchFileException: c:\Users\PC\Desktop\PlayFramework_Vauldex\futures\app\controllers\HomeController.scala
	at java.base/sun.nio.fs.WindowsException.translateToIOException(WindowsException.java:85)
	at java.base/sun.nio.fs.WindowsException.rethrowAsIOException(WindowsException.java:103)
	at java.base/sun.nio.fs.WindowsException.rethrowAsIOException(WindowsException.java:108)
	at java.base/sun.nio.fs.WindowsFileSystemProvider.newByteChannel(WindowsFileSystemProvider.java:236)
	at java.base/java.nio.file.Files.newByteChannel(Files.java:380)
	at java.base/java.nio.file.Files.newByteChannel(Files.java:432)
	at java.base/java.nio.file.Files.readAllBytes(Files.java:3288)
	at scala.meta.internal.io.PlatformFileIO$.slurp(PlatformFileIO.scala:42)
	at scala.meta.internal.io.FileIO$.slurp(FileIO.scala:18)
	at scala.meta.internal.metals.MetalsLspService.didOpen(MetalsLspService.scala:758)
	at scala.meta.internal.metals.WorkspaceLspService.didOpen(WorkspaceLspService.scala:401)
	at scala.meta.metals.lsp.DelegatingScalaService.didOpen(DelegatingScalaService.scala:39)
	at java.base/jdk.internal.reflect.NativeMethodAccessorImpl.invoke0(Native Method)
	at java.base/jdk.internal.reflect.NativeMethodAccessorImpl.invoke(NativeMethodAccessorImpl.java:77)
	at java.base/jdk.internal.reflect.DelegatingMethodAccessorImpl.invoke(DelegatingMethodAccessorImpl.java:43)
	at java.base/java.lang.reflect.Method.invoke(Method.java:568)
	at org.eclipse.lsp4j.jsonrpc.services.GenericEndpoint.lambda$recursiveFindRpcMethods$0(GenericEndpoint.java:65)
	... 11 more

Aug 09, 2024 5:12:08 AM org.eclipse.lsp4j.jsonrpc.RemoteEndpoint fallbackResponseError
SEVERE: Internal error: java.util.NoSuchElementException: BatchedFunction
java.util.concurrent.CompletionException: java.util.NoSuchElementException: BatchedFunction
	at java.base/java.util.concurrent.CompletableFuture.encodeThrowable(CompletableFuture.java:332)
	at java.base/java.util.concurrent.CompletableFuture.completeThrowable(CompletableFuture.java:347)
	at java.base/java.util.concurrent.CompletableFuture$UniAccept.tryFire(CompletableFuture.java:708)
	at java.base/java.util.concurrent.CompletableFuture.postComplete(CompletableFuture.java:510)
	at java.base/java.util.concurrent.CompletableFuture.completeExceptionally(CompletableFuture.java:2162)
	at scala.meta.internal.metals.CancelTokens$.$anonfun$future$1(CancelTokens.scala:40)
	at scala.meta.internal.metals.CancelTokens$.$anonfun$future$1$adapted(CancelTokens.scala:38)
	at scala.concurrent.impl.Promise$Transformation.run(Promise.scala:484)
	at java.base/java.util.concurrent.ThreadPoolExecutor.runWorker(ThreadPoolExecutor.java:1136)
	at java.base/java.util.concurrent.ThreadPoolExecutor$Worker.run(ThreadPoolExecutor.java:635)
	at java.base/java.lang.Thread.run(Thread.java:842)
Caused by: java.util.NoSuchElementException: BatchedFunction
	at scala.meta.internal.metals.BatchedFunction.<init>(BatchedFunction.scala:101)
	at scala.meta.internal.metals.MetalsLspService.<init>(MetalsLspService.scala:224)
	at scala.meta.internal.metals.ProjectMetalsLspService.<init>(ProjectMetalsLspService.scala:93)
	at scala.meta.internal.metals.WorkspaceLspService.createService(WorkspaceLspService.scala:215)
	at scala.meta.internal.metals.WorkspaceLspService.$anonfun$workspaceFolders$1(WorkspaceLspService.scala:222)
	at scala.collection.immutable.List.map(List.scala:247)
	at scala.meta.internal.metals.WorkspaceFolders.initServices(WorkspaceFolders.scala:40)
	at scala.meta.internal.metals.WorkspaceFolders.<init>(WorkspaceFolders.scala:22)
	at scala.meta.internal.metals.WorkspaceLspService.<init>(WorkspaceLspService.scala:220)
	at scala.meta.metals.MetalsLanguageServer.createService(MetalsLanguageServer.scala:219)
	at scala.meta.metals.MetalsLanguageServer.initialize(MetalsLanguageServer.scala:160)
	at java.base/jdk.internal.reflect.NativeMethodAccessorImpl.invoke0(Native Method)
	at java.base/jdk.internal.reflect.NativeMethodAccessorImpl.invoke(NativeMethodAccessorImpl.java:77)
	at java.base/jdk.internal.reflect.DelegatingMethodAccessorImpl.invoke(DelegatingMethodAccessorImpl.java:43)
	at java.base/java.lang.reflect.Method.invoke(Method.java:568)
	at org.eclipse.lsp4j.jsonrpc.services.GenericEndpoint.lambda$recursiveFindRpcMethods$0(GenericEndpoint.java:65)
	at org.eclipse.lsp4j.jsonrpc.services.GenericEndpoint.request(GenericEndpoint.java:128)
	at org.eclipse.lsp4j.jsonrpc.RemoteEndpoint.handleRequest(RemoteEndpoint.java:271)
	at org.eclipse.lsp4j.jsonrpc.RemoteEndpoint.consume(RemoteEndpoint.java:201)
	at org.eclipse.lsp4j.jsonrpc.json.StreamMessageProducer.handleMessage(StreamMessageProducer.java:185)
	at org.eclipse.lsp4j.jsonrpc.json.StreamMessageProducer.listen(StreamMessageProducer.java:97)
	at org.eclipse.lsp4j.jsonrpc.json.ConcurrentMessageProcessor.run(ConcurrentMessageProcessor.java:114)
	at java.base/java.util.concurrent.Executors$RunnableAdapter.call(Executors.java:539)
	at java.base/java.util.concurrent.FutureTask.run(FutureTask.java:264)
	... 3 more

2024.08.09 05:12:08 INFO  no build target found for c:\Users\PC\Desktop\PlayFramework_Vauldex\futures\app\controllers\HomeController.scala. Using presentation compiler with project's scala-library version: 3.3.3
Aug 09, 2024 5:12:09 AM org.eclipse.lsp4j.jsonrpc.RemoteEndpoint fallbackResponseError
SEVERE: Internal error: java.nio.file.NoSuchFileException: c:\Users\PC\Desktop\PlayFramework_Vauldex\futures\app\controllers\HomeController.scala
java.util.concurrent.CompletionException: java.nio.file.NoSuchFileException: c:\Users\PC\Desktop\PlayFramework_Vauldex\futures\app\controllers\HomeController.scala
	at java.base/java.util.concurrent.CompletableFuture.encodeThrowable(CompletableFuture.java:332)
	at java.base/java.util.concurrent.CompletableFuture.completeThrowable(CompletableFuture.java:347)
	at java.base/java.util.concurrent.CompletableFuture$UniAccept.tryFire(CompletableFuture.java:708)
	at java.base/java.util.concurrent.CompletableFuture.postComplete(CompletableFuture.java:510)
	at java.base/java.util.concurrent.CompletableFuture.completeExceptionally(CompletableFuture.java:2162)
	at scala.meta.internal.metals.CancelTokens$.$anonfun$future$1(CancelTokens.scala:40)
	at scala.meta.internal.metals.CancelTokens$.$anonfun$future$1$adapted(CancelTokens.scala:38)
	at scala.concurrent.impl.Promise$Transformation.run(Promise.scala:484)
	at java.base/java.util.concurrent.ThreadPoolExecutor.runWorker(ThreadPoolExecutor.java:1136)
	at java.base/java.util.concurrent.ThreadPoolExecutor$Worker.run(ThreadPoolExecutor.java:635)
	at java.base/java.lang.Thread.run(Thread.java:842)
Caused by: java.nio.file.NoSuchFileException: c:\Users\PC\Desktop\PlayFramework_Vauldex\futures\app\controllers\HomeController.scala
	at java.base/sun.nio.fs.WindowsException.translateToIOException(WindowsException.java:85)
	at java.base/sun.nio.fs.WindowsException.rethrowAsIOException(WindowsException.java:103)
	at java.base/sun.nio.fs.WindowsException.rethrowAsIOException(WindowsException.java:108)
	at java.base/sun.nio.fs.WindowsFileSystemProvider.newByteChannel(WindowsFileSystemProvider.java:236)
	at java.base/java.nio.file.Files.newByteChannel(Files.java:380)
	at java.base/java.nio.file.Files.newByteChannel(Files.java:432)
	at java.base/java.nio.file.Files.readAllBytes(Files.java:3288)
	at scala.meta.internal.io.PlatformFileIO$.slurp(PlatformFileIO.scala:42)
	at scala.meta.internal.io.FileIO$.slurp(FileIO.scala:18)
	at scala.meta.internal.mtags.ScalametaCommonEnrichments$XtensionAbsolutePath.toInput(ScalametaCommonEnrichments.scala:428)
	at scala.meta.internal.metals.MetalsEnrichments$XtensionAbsolutePathBuffers.toInputFromBuffers(MetalsEnrichments.scala:620)
	at scala.meta.internal.metals.SourceMapper.input$1(SourceMapper.scala:30)
	at scala.meta.internal.metals.SourceMapper.$anonfun$pcMapping$2(SourceMapper.scala:35)
	at scala.Option.getOrElse(Option.scala:201)
	at scala.meta.internal.metals.SourceMapper.default$1(SourceMapper.scala:35)
	at scala.meta.internal.metals.SourceMapper.$anonfun$pcMapping$5(SourceMapper.scala:52)
	at scala.Option.getOrElse(Option.scala:201)
	at scala.meta.internal.metals.SourceMapper.pcMapping(SourceMapper.scala:52)
	at scala.meta.internal.metals.Compilers.sourceAdjustments(Compilers.scala:1408)
	at scala.meta.internal.metals.Compilers.$anonfun$semanticTokens$2(Compilers.scala:447)
	at scala.Option.map(Option.scala:242)
	at scala.meta.internal.metals.Compilers.semanticTokens(Compilers.scala:443)
	at scala.meta.internal.metals.MetalsLspService.$anonfun$semanticTokensFull$2(MetalsLspService.scala:1157)
	at scala.concurrent.impl.Promise$Transformation.run(Promise.scala:470)
	... 3 more

